<?xml version="1.0" encoding="UTF-8"?>
<!-- Generated by org.testng.reporters.JUnitReportReporter -->
<testsuite hostname="Legion-5" failures="0" tests="3" name="qaautomation.january2022.AppTest" time="21.680" errors="0" timestamp="2022-01-30T15:37:10 WIB" skipped="0">
  <testcase classname="qaautomation.january2022.AppTest" name="test2" time="7.595"/>
  <system-out/>
  <testcase classname="qaautomation.january2022.AppTest" name="test1" time="6.533"/>
  <system-out/>
  <testcase classname="qaautomation.january2022.AppTest" name="test3" time="7.552"/>
  <system-out/>
</testsuite> <!-- qaautomation.january2022.AppTest -->
