<?xml version="1.0" encoding="UTF-8"?>
<!-- Generated by org.testng.reporters.JUnitReportReporter -->
<testsuite hostname="Legion-5" failures="0" tests="1" name="qaautomation.january2022.CommonPageTest" time="12.013" errors="0" timestamp="2022-01-30T15:12:16 WIB" skipped="0">
  <testcase classname="qaautomation.january2022.CommonPageTest" name="testJS" time="12.013"/>
  <system-out/>
</testsuite> <!-- qaautomation.january2022.CommonPageTest -->
