<?xml version="1.0" encoding="UTF-8"?>
<!-- Generated by org.testng.reporters.JUnitReportReporter -->
<testsuite hostname="Legion-5" failures="0" tests="2" name="qaautomation.january2022.APITest" time="9.691" errors="0" timestamp="2022-02-06T14:27:08 WIB" skipped="0">
  <testcase classname="qaautomation.january2022.APITest" name="configurations" time="5.759"/>
  <system-out/>
  <testcase classname="qaautomation.january2022.APITest" name="dashboardAPI" time="3.932"/>
  <system-out/>
</testsuite> <!-- qaautomation.january2022.APITest -->
