<?xml version="1.0" encoding="UTF-8"?>
<!-- Generated by org.testng.reporters.JUnitReportReporter -->
<testsuite hostname="Legion-5" failures="0" tests="3" name="qaautomation.january2022.GraphQLTest" time="4.273" errors="0" timestamp="2022-02-06T15:56:55 WIB" skipped="0">
  <testcase classname="qaautomation.january2022.GraphQLTest" name="checkCEO" time="3.205"/>
  <system-out/>
  <testcase classname="qaautomation.january2022.GraphQLTest" name="fakerTest" time="0.143"/>
  <system-out/>
  <testcase classname="qaautomation.january2022.GraphQLTest" name="launchRocketWithVariable" time="0.925"/>
  <system-out/>
</testsuite> <!-- qaautomation.january2022.GraphQLTest -->
