<?xml version="1.0" encoding="UTF-8"?>
<!-- Generated by org.testng.reporters.JUnitReportReporter -->
<testsuite hostname="Legion-5" failures="0" tests="2" name="qaautomation.january2022.AppTestPageFactory" time="15.150" errors="0" timestamp="2022-01-30T15:37:10 WIB" skipped="0">
  <testcase classname="qaautomation.january2022.AppTestPageFactory" name="test2" time="8.353"/>
  <system-out/>
  <testcase classname="qaautomation.january2022.AppTestPageFactory" name="test1" time="6.797"/>
  <system-out/>
</testsuite> <!-- qaautomation.january2022.AppTestPageFactory -->
