<?xml version="1.0" encoding="UTF-8"?>
<!-- Generated by org.testng.reporters.JUnitReportReporter -->
<testsuite hostname="Legion-5" failures="0" tests="1" name="qaautomation.january2022.GraphQLTest" time="2.929" errors="0" timestamp="06 Feb 2022 08:28:12 GMT" skipped="0">
  <testcase classname="qaautomation.january2022.GraphQLTest" name="checkCEO" time="2.929"/>
</testsuite> <!-- qaautomation.january2022.GraphQLTest -->
